Traceback (most recent call last):
  File "c:\programdata\anaconda3\lib\site-packages\jupyter_cache\executors\utils.py", line 56, in single_nb_execution
    record_timing=False,
  File "c:\programdata\anaconda3\lib\site-packages\nbclient\client.py", line 1082, in execute
    return NotebookClient(nb=nb, resources=resources, km=km, **kwargs).execute()
  File "c:\programdata\anaconda3\lib\site-packages\nbclient\util.py", line 74, in wrapped
    return just_run(coro(*args, **kwargs))
  File "c:\programdata\anaconda3\lib\site-packages\nbclient\util.py", line 53, in just_run
    return loop.run_until_complete(coro)
  File "c:\programdata\anaconda3\lib\asyncio\base_events.py", line 583, in run_until_complete
    return future.result()
  File "c:\programdata\anaconda3\lib\site-packages\nbclient\client.py", line 536, in async_execute
    cell, index, execution_count=self.code_cells_executed + 1
  File "c:\programdata\anaconda3\lib\site-packages\nbclient\client.py", line 827, in async_execute_cell
    self._check_raise_for_error(cell, exec_reply)
  File "c:\programdata\anaconda3\lib\site-packages\nbclient\client.py", line 735, in _check_raise_for_error
    raise CellExecutionError.from_cell_and_msg(cell, exec_reply['content'])
nbclient.exceptions.CellExecutionError: An error occurred while executing the following cell:
------------------
training_data = load_data()
training_images = np.array([i[0] for i in training_data]).reshape(-1, IMAGE_SIZE, IMAGE_SIZE, 1)
training_labels = np.array([i[1] for i in training_data])
------------------

[1;31m---------------------------------------------------------------------------[0m
[1;31mStopIteration[0m                             Traceback (most recent call last)
[1;32m<ipython-input-6-511be5574e7c>[0m in [0;36m<module>[1;34m[0m
[1;32m----> 1[1;33m [0mtraining_data[0m [1;33m=[0m [0mload_data[0m[1;33m([0m[1;33m)[0m[1;33m[0m[1;33m[0m[0m
[0m[0;32m      2[0m [0mtraining_images[0m [1;33m=[0m [0mnp[0m[1;33m.[0m[0marray[0m[1;33m([0m[1;33m[[0m[0mi[0m[1;33m[[0m[1;36m0[0m[1;33m][0m [1;32mfor[0m [0mi[0m [1;32min[0m [0mtraining_data[0m[1;33m][0m[1;33m)[0m[1;33m.[0m[0mreshape[0m[1;33m([0m[1;33m-[0m[1;36m1[0m[1;33m,[0m [0mIMAGE_SIZE[0m[1;33m,[0m [0mIMAGE_SIZE[0m[1;33m,[0m [1;36m1[0m[1;33m)[0m[1;33m[0m[1;33m[0m[0m
[0;32m      3[0m [0mtraining_labels[0m [1;33m=[0m [0mnp[0m[1;33m.[0m[0marray[0m[1;33m([0m[1;33m[[0m[0mi[0m[1;33m[[0m[1;36m1[0m[1;33m][0m [1;32mfor[0m [0mi[0m [1;32min[0m [0mtraining_data[0m[1;33m][0m[1;33m)[0m[1;33m[0m[1;33m[0m[0m

[1;32m<ipython-input-4-eb34b3c490b7>[0m in [0;36mload_data[1;34m()[0m
[0;32m      2[0m     [0mprint[0m[1;33m([0m[1;34m"Loading images..."[0m[1;33m)[0m[1;33m[0m[1;33m[0m[0m
[0;32m      3[0m     [0mtrain_data[0m [1;33m=[0m [1;33m[[0m[1;33m][0m[1;33m[0m[1;33m[0m[0m
[1;32m----> 4[1;33m     [0mdirectories[0m [1;33m=[0m [0mnext[0m[1;33m([0m[0mos[0m[1;33m.[0m[0mwalk[0m[1;33m([0m[0mIMAGE_DIRECTORY[0m[1;33m)[0m[1;33m)[0m[1;33m[[0m[1;36m1[0m[1;33m][0m[1;33m[0m[1;33m[0m[0m
[0m[0;32m      5[0m [1;33m[0m[0m
[0;32m      6[0m     [1;32mfor[0m [0mdirname[0m [1;32min[0m [0mdirectories[0m[1;33m:[0m[1;33m[0m[1;33m[0m[0m

[1;31mStopIteration[0m: 
StopIteration: 

