Traceback (most recent call last):
  File "c:\programdata\anaconda3\lib\site-packages\jupyter_cache\executors\utils.py", line 56, in single_nb_execution
    record_timing=False,
  File "c:\programdata\anaconda3\lib\site-packages\nbclient\client.py", line 1082, in execute
    return NotebookClient(nb=nb, resources=resources, km=km, **kwargs).execute()
  File "c:\programdata\anaconda3\lib\site-packages\nbclient\util.py", line 74, in wrapped
    return just_run(coro(*args, **kwargs))
  File "c:\programdata\anaconda3\lib\site-packages\nbclient\util.py", line 53, in just_run
    return loop.run_until_complete(coro)
  File "c:\programdata\anaconda3\lib\asyncio\base_events.py", line 583, in run_until_complete
    return future.result()
  File "c:\programdata\anaconda3\lib\site-packages\nbclient\client.py", line 536, in async_execute
    cell, index, execution_count=self.code_cells_executed + 1
  File "c:\programdata\anaconda3\lib\site-packages\nbclient\client.py", line 827, in async_execute_cell
    self._check_raise_for_error(cell, exec_reply)
  File "c:\programdata\anaconda3\lib\site-packages\nbclient\client.py", line 735, in _check_raise_for_error
    raise CellExecutionError.from_cell_and_msg(cell, exec_reply['content'])
nbclient.exceptions.CellExecutionError: An error occurred while executing the following cell:
------------------
import pandas as pd
from scipy import stats
import numpy as np  
df= pd.read_csv('./president_heights.csv')
d=pd.DataFrame(df)
print(d[['height(cm)']])


------------------

[1;31m---------------------------------------------------------------------------[0m
[1;31mFileNotFoundError[0m                         Traceback (most recent call last)
[1;32m<ipython-input-1-d1733f1cb04b>[0m in [0;36m<module>[1;34m[0m
[0;32m      2[0m [1;32mfrom[0m [0mscipy[0m [1;32mimport[0m [0mstats[0m[1;33m[0m[1;33m[0m[0m
[0;32m      3[0m [1;32mimport[0m [0mnumpy[0m [1;32mas[0m [0mnp[0m[1;33m[0m[1;33m[0m[0m
[1;32m----> 4[1;33m [0mdf[0m[1;33m=[0m [0mpd[0m[1;33m.[0m[0mread_csv[0m[1;33m([0m[1;34m'./president_heights.csv'[0m[1;33m)[0m[1;33m[0m[1;33m[0m[0m
[0m[0;32m      5[0m [0md[0m[1;33m=[0m[0mpd[0m[1;33m.[0m[0mDataFrame[0m[1;33m([0m[0mdf[0m[1;33m)[0m[1;33m[0m[1;33m[0m[0m
[0;32m      6[0m [0mprint[0m[1;33m([0m[0md[0m[1;33m[[0m[1;33m[[0m[1;34m'height(cm)'[0m[1;33m][0m[1;33m][0m[1;33m)[0m[1;33m[0m[1;33m[0m[0m

[1;32mC:\ProgramData\Anaconda3\lib\site-packages\pandas\io\parsers.py[0m in [0;36mread_csv[1;34m(filepath_or_buffer, sep, delimiter, header, names, index_col, usecols, squeeze, prefix, mangle_dupe_cols, dtype, engine, converters, true_values, false_values, skipinitialspace, skiprows, skipfooter, nrows, na_values, keep_default_na, na_filter, verbose, skip_blank_lines, parse_dates, infer_datetime_format, keep_date_col, date_parser, dayfirst, cache_dates, iterator, chunksize, compression, thousands, decimal, lineterminator, quotechar, quoting, doublequote, escapechar, comment, encoding, dialect, error_bad_lines, warn_bad_lines, delim_whitespace, low_memory, memory_map, float_precision)[0m
[0;32m    684[0m     )
[0;32m    685[0m [1;33m[0m[0m
[1;32m--> 686[1;33m     [1;32mreturn[0m [0m_read[0m[1;33m([0m[0mfilepath_or_buffer[0m[1;33m,[0m [0mkwds[0m[1;33m)[0m[1;33m[0m[1;33m[0m[0m
[0m[0;32m    687[0m [1;33m[0m[0m
[0;32m    688[0m [1;33m[0m[0m

[1;32mC:\ProgramData\Anaconda3\lib\site-packages\pandas\io\parsers.py[0m in [0;36m_read[1;34m(filepath_or_buffer, kwds)[0m
[0;32m    450[0m [1;33m[0m[0m
[0;32m    451[0m     [1;31m# Create the parser.[0m[1;33m[0m[1;33m[0m[1;33m[0m[0m
[1;32m--> 452[1;33m     [0mparser[0m [1;33m=[0m [0mTextFileReader[0m[1;33m([0m[0mfp_or_buf[0m[1;33m,[0m [1;33m**[0m[0mkwds[0m[1;33m)[0m[1;33m[0m[1;33m[0m[0m
[0m[0;32m    453[0m [1;33m[0m[0m
[0;32m    454[0m     [1;32mif[0m [0mchunksize[0m [1;32mor[0m [0miterator[0m[1;33m:[0m[1;33m[0m[1;33m[0m[0m

[1;32mC:\ProgramData\Anaconda3\lib\site-packages\pandas\io\parsers.py[0m in [0;36m__init__[1;34m(self, f, engine, **kwds)[0m
[0;32m    944[0m             [0mself[0m[1;33m.[0m[0moptions[0m[1;33m[[0m[1;34m"has_index_names"[0m[1;33m][0m [1;33m=[0m [0mkwds[0m[1;33m[[0m[1;34m"has_index_names"[0m[1;33m][0m[1;33m[0m[1;33m[0m[0m
[0;32m    945[0m [1;33m[0m[0m
[1;32m--> 946[1;33m         [0mself[0m[1;33m.[0m[0m_make_engine[0m[1;33m([0m[0mself[0m[1;33m.[0m[0mengine[0m[1;33m)[0m[1;33m[0m[1;33m[0m[0m
[0m[0;32m    947[0m [1;33m[0m[0m
[0;32m    948[0m     [1;32mdef[0m [0mclose[0m[1;33m([0m[0mself[0m[1;33m)[0m[1;33m:[0m[1;33m[0m[1;33m[0m[0m

[1;32mC:\ProgramData\Anaconda3\lib\site-packages\pandas\io\parsers.py[0m in [0;36m_make_engine[1;34m(self, engine)[0m
[0;32m   1176[0m     [1;32mdef[0m [0m_make_engine[0m[1;33m([0m[0mself[0m[1;33m,[0m [0mengine[0m[1;33m=[0m[1;34m"c"[0m[1;33m)[0m[1;33m:[0m[1;33m[0m[1;33m[0m[0m
[0;32m   1177[0m         [1;32mif[0m [0mengine[0m [1;33m==[0m [1;34m"c"[0m[1;33m:[0m[1;33m[0m[1;33m[0m[0m
[1;32m-> 1178[1;33m             [0mself[0m[1;33m.[0m[0m_engine[0m [1;33m=[0m [0mCParserWrapper[0m[1;33m([0m[0mself[0m[1;33m.[0m[0mf[0m[1;33m,[0m [1;33m**[0m[0mself[0m[1;33m.[0m[0moptions[0m[1;33m)[0m[1;33m[0m[1;33m[0m[0m
[0m[0;32m   1179[0m         [1;32melse[0m[1;33m:[0m[1;33m[0m[1;33m[0m[0m
[0;32m   1180[0m             [1;32mif[0m [0mengine[0m [1;33m==[0m [1;34m"python"[0m[1;33m:[0m[1;33m[0m[1;33m[0m[0m

[1;32mC:\ProgramData\Anaconda3\lib\site-packages\pandas\io\parsers.py[0m in [0;36m__init__[1;34m(self, src, **kwds)[0m
[0;32m   2006[0m         [0mkwds[0m[1;33m[[0m[1;34m"usecols"[0m[1;33m][0m [1;33m=[0m [0mself[0m[1;33m.[0m[0musecols[0m[1;33m[0m[1;33m[0m[0m
[0;32m   2007[0m [1;33m[0m[0m
[1;32m-> 2008[1;33m         [0mself[0m[1;33m.[0m[0m_reader[0m [1;33m=[0m [0mparsers[0m[1;33m.[0m[0mTextReader[0m[1;33m([0m[0msrc[0m[1;33m,[0m [1;33m**[0m[0mkwds[0m[1;33m)[0m[1;33m[0m[1;33m[0m[0m
[0m[0;32m   2009[0m         [0mself[0m[1;33m.[0m[0munnamed_cols[0m [1;33m=[0m [0mself[0m[1;33m.[0m[0m_reader[0m[1;33m.[0m[0munnamed_cols[0m[1;33m[0m[1;33m[0m[0m
[0;32m   2010[0m [1;33m[0m[0m

[1;32mpandas\_libs\parsers.pyx[0m in [0;36mpandas._libs.parsers.TextReader.__cinit__[1;34m()[0m

[1;32mpandas\_libs\parsers.pyx[0m in [0;36mpandas._libs.parsers.TextReader._setup_parser_source[1;34m()[0m

[1;31mFileNotFoundError[0m: [Errno 2] No such file or directory: './president_heights.csv'
FileNotFoundError: [Errno 2] No such file or directory: './president_heights.csv'

